2025-05-29 10:27:31,175 - root - foxy rolled 15 (AI level: 10)
2025-05-29 10:27:36,177 - root - chica rolled 11 (AI level: 20)
2025-05-29 10:27:36,177 - root - chica moved to position 0
2025-05-29 10:27:38,182 - root - freddy rolled 1 (AI level: 20)
2025-05-29 10:27:38,182 - root - freddy moved to position 0
2025-05-29 10:27:41,181 - root - foxy rolled 2 (AI level: 10)
2025-05-29 10:27:41,181 - root - bonnie rolled 11 (AI level: 20)
2025-05-29 10:27:41,181 - root - foxy moved to position 0
2025-05-29 10:27:41,181 - root - bonnie moved to position 0
2025-05-29 10:27:51,183 - root - foxy rolled 19 (AI level: 10)
2025-05-29 10:27:51,183 - root - chica rolled 15 (AI level: 20)
2025-05-29 10:27:51,189 - root - chica moved to position 1
2025-05-29 10:27:55,191 - root - freddy rolled 6 (AI level: 20)
2025-05-29 10:27:55,191 - root - freddy moved to position 1
2025-05-29 10:28:01,193 - root - foxy rolled 2 (AI level: 10)
2025-05-29 10:28:01,193 - root - bonnie rolled 7 (AI level: 20)
2025-05-29 10:28:01,193 - root - foxy moved to position 1
2025-05-29 10:28:01,193 - root - bonnie moved to position 1
2025-05-29 10:28:06,196 - root - chica rolled 15 (AI level: 20)
2025-05-29 10:28:06,196 - root - chica moved to position 2
2025-05-29 10:28:11,205 - root - foxy rolled 7 (AI level: 10)
2025-05-29 10:28:11,205 - root - foxy moved to position 2
2025-05-29 10:28:12,204 - root - freddy rolled 40 (AI level: 20)
2025-05-29 10:28:21,197 - root - bonnie rolled 5 (AI level: 20)
2025-05-29 10:28:21,197 - root - chica rolled 0 (AI level: 20)
2025-05-29 10:28:21,197 - root - bonnie moved to position 2
2025-05-29 10:28:21,197 - root - chica moved to position 3
2025-05-29 10:28:21,213 - root - foxy rolled 1 (AI level: 10)
2025-05-29 10:28:21,213 - root - foxy moved to position 3
2025-05-29 10:28:29,215 - root - freddy rolled 9 (AI level: 20)
2025-05-29 10:28:29,215 - root - freddy moved to position 2
2025-05-29 10:28:31,216 - root - foxy rolled 8 (AI level: 10)
2025-05-29 10:28:31,216 - root - foxy moved to position 4
2025-05-29 10:28:36,209 - root - chica rolled 4 (AI level: 20)
2025-05-29 10:28:36,209 - root - chica moved to position 4
2025-05-29 10:28:41,201 - root - bonnie rolled 3 (AI level: 20)
2025-05-29 10:28:41,201 - root - bonnie moved to position 3
2025-05-29 10:28:41,217 - root - foxy rolled 15 (AI level: 10)
2025-05-29 10:28:46,224 - root - freddy rolled 11 (AI level: 20)
2025-05-29 10:28:46,224 - root - freddy moved to position 3
2025-05-29 10:28:51,224 - root - chica rolled 14 (AI level: 20)
2025-05-29 10:28:51,224 - root - foxy rolled 6 (AI level: 10)
2025-05-29 10:28:51,224 - root - chica moved to position 5
2025-05-29 10:28:51,224 - root - foxy moved to position 5
2025-05-29 10:29:01,208 - root - bonnie rolled 8 (AI level: 20)
2025-05-29 10:29:01,208 - root - bonnie moved to position 4
2025-05-29 10:29:01,239 - root - foxy rolled 10 (AI level: 10)
2025-05-29 10:29:01,239 - root - foxy moved to position 6
2025-05-29 10:29:03,233 - root - freddy rolled 24 (AI level: 20)
2025-05-29 10:29:06,230 - root - chica rolled 14 (AI level: 20)
2025-05-29 10:29:06,230 - root - chica moved to position 6
2025-05-29 10:29:11,247 - root - foxy rolled 18 (AI level: 10)
2025-05-29 10:29:20,244 - root - freddy rolled 17 (AI level: 20)
2025-05-29 10:29:20,244 - root - freddy moved to position 4
2025-05-29 10:29:21,216 - root - bonnie rolled 1 (AI level: 20)
2025-05-29 10:29:21,216 - root - bonnie moved to position 5
2025-05-29 10:29:21,231 - root - chica rolled 8 (AI level: 20)
2025-05-29 10:29:21,231 - root - chica moved to position 6
2025-05-29 10:29:21,247 - root - foxy rolled 14 (AI level: 10)
2025-05-29 10:29:31,257 - root - foxy rolled 18 (AI level: 10)
2025-05-29 10:29:36,233 - root - chica rolled 3 (AI level: 20)
2025-05-29 10:29:36,233 - root - chica moved to position 6
2025-05-29 10:29:37,250 - root - freddy rolled 40 (AI level: 20)
2025-05-29 10:29:41,224 - root - bonnie rolled 10 (AI level: 20)
2025-05-29 10:29:41,224 - root - bonnie moved to position 6
2025-05-29 10:29:41,270 - root - foxy rolled 20 (AI level: 10)
2025-05-29 10:29:51,240 - root - chica rolled 16 (AI level: 20)
2025-05-29 10:29:51,240 - root - chica moved to position 6
2025-05-29 10:29:51,271 - root - foxy rolled 7 (AI level: 10)
2025-05-29 10:29:51,271 - root - foxy moved to position 6
2025-05-29 10:29:54,264 - root - freddy rolled 0 (AI level: 20)
2025-05-29 10:29:54,264 - root - freddy moved to position 5
2025-05-29 10:30:01,239 - root - bonnie rolled 6 (AI level: 20)
2025-05-29 10:30:01,239 - root - bonnie moved to position 6
2025-05-29 10:30:01,286 - root - foxy rolled 12 (AI level: 10)
2025-05-29 10:30:06,256 - root - chica rolled 14 (AI level: 20)
2025-05-29 10:30:06,256 - root - chica moved to position 6
2025-05-29 10:31:40,216 - root - foxy rolled 12 (AI level: 10)
2025-05-29 10:31:45,211 - root - chica rolled 1 (AI level: 20)
2025-05-29 10:31:45,211 - root - chica moved to position 0
2025-05-29 10:31:47,212 - root - freddy rolled 21 (AI level: 20)
2025-05-29 10:31:50,215 - root - bonnie rolled 4 (AI level: 20)
2025-05-29 10:31:50,215 - root - bonnie moved to position 0
2025-05-29 10:31:50,231 - root - foxy rolled 20 (AI level: 10)
