2025-05-29 11:01:41,810 - root - Initialized chica AI with level 20, move interval 15, move range 20.
2025-05-29 11:01:41,810 - root - Initialized bonnie AI with level 20, move interval 20, move range 20.
2025-05-29 11:01:41,810 - root - Initialized freddy AI with level 20, move interval 17, move range 40.
2025-05-29 11:01:41,810 - root - Initialized foxy AI with level 10, move interval 10, move range 20.
2025-05-29 11:01:41,811 - game_logging - Door Status: Left Closed=False, Right Closed=False
2025-05-29 11:01:41,811 - game_logging - Energy: 100%, Night: 1, Hour: 1:00
2025-05-29 11:01:44,821 - game_logging - Door Status: Left Closed=False, Right Closed=False
2025-05-29 11:01:44,821 - game_logging - Energy: 100%, Night: 1, Hour: 1:00
2025-05-29 11:01:47,826 - game_logging - Door Status: Left Closed=False, Right Closed=False
2025-05-29 11:01:47,826 - game_logging - Energy: 100%, Night: 1, Hour: 1:00
2025-05-29 11:01:50,830 - game_logging - Door Status: Left Closed=False, Right Closed=False
2025-05-29 11:01:50,830 - game_logging - Energy: 100%, Night: 1, Hour: 1:00
2025-05-29 11:01:53,843 - game_logging - Door Status: Left Closed=False, Right Closed=False
2025-05-29 11:01:53,843 - game_logging - Energy: 100%, Night: 1, Hour: 1:00
2025-05-29 11:01:56,817 - root - chica moved to position 0.
2025-05-29 11:01:56,848 - game_logging - Door Status: Left Closed=False, Right Closed=False
2025-05-29 11:01:56,848 - game_logging - Energy: 100%, Night: 1, Hour: 1:00
2025-05-29 11:01:58,815 - root - freddy moved to position 0.
2025-05-29 11:01:59,858 - game_logging - Door Status: Left Closed=False, Right Closed=False
2025-05-29 11:01:59,858 - game_logging - Energy: 100%, Night: 1, Hour: 1:00
2025-05-29 11:02:01,813 - root - bonnie moved to position 0.
2025-05-29 11:02:01,828 - root - foxy moved to position 0.
2025-05-29 11:02:02,859 - game_logging - Door Status: Left Closed=False, Right Closed=False
2025-05-29 11:02:02,859 - game_logging - Energy: 100%, Night: 1, Hour: 1:00
2025-05-29 11:02:05,861 - game_logging - Door Status: Left Closed=False, Right Closed=False
2025-05-29 11:02:05,861 - game_logging - Energy: 100%, Night: 1, Hour: 1:00
2025-05-29 11:02:08,872 - game_logging - Door Status: Left Closed=False, Right Closed=False
2025-05-29 11:02:08,872 - game_logging - Energy: 100%, Night: 1, Hour: 1:00
2025-05-29 11:02:11,819 - root - chica moved to position 1.
2025-05-29 11:02:11,835 - root - foxy moved to position 1.
2025-05-29 11:02:11,880 - game_logging - Door Status: Left Closed=False, Right Closed=False
2025-05-29 11:02:11,880 - game_logging - Energy: 100%, Night: 1, Hour: 1:00
2025-05-29 11:02:14,887 - game_logging - Door Status: Left Closed=False, Right Closed=False
2025-05-29 11:02:14,887 - game_logging - Energy: 100%, Night: 1, Hour: 1:00
2025-05-29 11:02:17,901 - game_logging - Door Status: Left Closed=False, Right Closed=False
2025-05-29 11:02:17,901 - game_logging - Energy: 100%, Night: 1, Hour: 1:00
2025-05-29 11:02:20,907 - game_logging - Door Status: Left Closed=False, Right Closed=False
2025-05-29 11:02:20,907 - game_logging - Energy: 100%, Night: 1, Hour: 1:00
2025-05-29 11:02:21,818 - root - bonnie moved to position 1.
2025-05-29 11:02:23,916 - game_logging - Door Status: Left Closed=False, Right Closed=False
2025-05-29 11:02:23,916 - game_logging - Energy: 100%, Night: 1, Hour: 1:00
2025-05-29 11:02:26,831 - root - chica moved to position 2.
2025-05-29 11:02:26,924 - game_logging - Door Status: Left Closed=False, Right Closed=False
2025-05-29 11:02:26,924 - game_logging - Energy: 100%, Night: 1, Hour: 1:00
2025-05-29 11:02:29,927 - game_logging - Door Status: Left Closed=False, Right Closed=False
2025-05-29 11:02:29,927 - game_logging - Energy: 100%, Night: 1, Hour: 1:00
2025-05-29 11:02:32,841 - root - freddy moved to position 1.
2025-05-29 11:02:32,934 - game_logging - Door Status: Left Closed=False, Right Closed=False
2025-05-29 11:02:32,934 - game_logging - Energy: 100%, Night: 1, Hour: 1:00
2025-05-29 11:02:35,944 - game_logging - Door Status: Left Closed=False, Right Closed=False
2025-05-29 11:02:35,944 - game_logging - Energy: 100%, Night: 1, Hour: 1:00
2025-05-29 11:02:38,952 - game_logging - Door Status: Left Closed=False, Right Closed=False
2025-05-29 11:02:38,952 - game_logging - Energy: 100%, Night: 1, Hour: 1:00
2025-05-29 11:02:41,825 - root - bonnie moved to position 2.
2025-05-29 11:02:41,841 - root - chica moved to position 3.
2025-05-29 11:02:41,872 - root - foxy moved to position 2.
2025-05-29 11:02:41,964 - game_logging - Door Status: Left Closed=False, Right Closed=False
2025-05-29 11:02:41,964 - game_logging - Energy: 100%, Night: 1, Hour: 2:00
2025-05-29 11:02:44,965 - game_logging - Door Status: Left Closed=False, Right Closed=False
2025-05-29 11:02:44,966 - game_logging - Energy: 100%, Night: 1, Hour: 2:00
2025-05-29 11:02:47,973 - game_logging - Door Status: Left Closed=False, Right Closed=False
2025-05-29 11:02:47,973 - game_logging - Energy: 100%, Night: 1, Hour: 2:00
2025-05-29 11:02:50,982 - game_logging - Door Status: Left Closed=False, Right Closed=False
2025-05-29 11:02:50,982 - game_logging - Energy: 100%, Night: 1, Hour: 2:00
2025-05-29 11:02:53,987 - game_logging - Door Status: Left Closed=False, Right Closed=False
2025-05-29 11:02:53,987 - game_logging - Energy: 100%, Night: 1, Hour: 2:00
2025-05-29 11:02:56,841 - root - chica moved to position 4.
2025-05-29 11:02:56,996 - game_logging - Door Status: Left Closed=False, Right Closed=False
2025-05-29 11:02:56,996 - game_logging - Energy: 100%, Night: 1, Hour: 2:00
2025-05-29 11:03:00,012 - game_logging - Door Status: Left Closed=False, Right Closed=False
2025-05-29 11:03:00,012 - game_logging - Energy: 100%, Night: 1, Hour: 2:00
2025-05-29 11:03:01,828 - root - bonnie moved to position 3.
2025-05-29 11:03:01,890 - root - foxy moved to position 3.
2025-05-29 11:03:03,022 - game_logging - Door Status: Left Closed=False, Right Closed=False
2025-05-29 11:03:03,022 - game_logging - Energy: 100%, Night: 1, Hour: 2:00
2025-05-29 11:03:06,037 - game_logging - Door Status: Left Closed=False, Right Closed=False
2025-05-29 11:03:06,037 - game_logging - Energy: 100%, Night: 1, Hour: 2:00
2025-05-29 11:03:06,867 - root - freddy moved to position 2.
2025-05-29 11:03:09,050 - game_logging - Door Status: Left Closed=False, Right Closed=False
2025-05-29 11:03:09,050 - game_logging - Energy: 100%, Night: 1, Hour: 2:00
2025-05-29 11:03:11,846 - root - chica moved to position 5.
2025-05-29 11:03:11,893 - root - foxy moved to position 4.
2025-05-29 11:03:12,063 - game_logging - Door Status: Left Closed=False, Right Closed=False
2025-05-29 11:03:12,063 - game_logging - Energy: 100%, Night: 1, Hour: 2:00
2025-05-29 11:03:15,069 - game_logging - Door Status: Left Closed=False, Right Closed=False
2025-05-29 11:03:15,069 - game_logging - Energy: 100%, Night: 1, Hour: 2:00
2025-05-29 11:03:18,081 - game_logging - Door Status: Left Closed=False, Right Closed=False
2025-05-29 11:03:18,081 - game_logging - Energy: 100%, Night: 1, Hour: 2:00
2025-05-29 11:03:21,086 - game_logging - Door Status: Left Closed=False, Right Closed=False
2025-05-29 11:03:21,086 - game_logging - Energy: 100%, Night: 1, Hour: 2:00
2025-05-29 11:03:21,837 - root - bonnie moved to position 4.
2025-05-29 11:03:24,097 - game_logging - Door Status: Left Closed=False, Right Closed=False
2025-05-29 11:03:24,097 - game_logging - Energy: 100%, Night: 1, Hour: 2:00
2025-05-29 11:03:26,851 - root - chica moved to position 5.
2025-05-29 11:03:27,103 - game_logging - Door Status: Left Closed=False, Right Closed=False
2025-05-29 11:03:27,103 - game_logging - Energy: 100%, Night: 1, Hour: 2:00
2025-05-29 11:03:30,110 - game_logging - Door Status: Left Closed=False, Right Closed=False
2025-05-29 11:03:30,110 - game_logging - Energy: 100%, Night: 1, Hour: 2:00
2025-05-29 11:03:33,113 - game_logging - Door Status: Left Closed=False, Right Closed=False
2025-05-29 11:03:33,113 - game_logging - Energy: 100%, Night: 1, Hour: 2:00
2025-05-29 11:03:36,119 - game_logging - Door Status: Left Closed=False, Right Closed=False
2025-05-29 11:03:36,119 - game_logging - Energy: 100%, Night: 1, Hour: 2:00
2025-05-29 11:03:39,129 - game_logging - Door Status: Left Closed=False, Right Closed=False
2025-05-29 11:03:39,129 - game_logging - Energy: 100%, Night: 1, Hour: 2:00
2025-05-29 11:03:40,887 - root - freddy moved to position 3.
2025-05-29 11:03:41,851 - root - bonnie moved to position 5.
2025-05-29 11:03:41,866 - root - chica moved to position 5.
2025-05-29 11:03:41,913 - root - foxy moved to position 5.
2025-05-29 11:03:42,131 - game_logging - Door Status: Left Closed=False, Right Closed=False
2025-05-29 11:03:42,131 - game_logging - Energy: 100%, Night: 1, Hour: 3:00
2025-05-29 11:03:45,144 - game_logging - Door Status: Left Closed=False, Right Closed=False
2025-05-29 11:03:45,144 - game_logging - Energy: 100%, Night: 1, Hour: 3:00
2025-05-29 11:03:48,159 - game_logging - Door Status: Left Closed=False, Right Closed=False
2025-05-29 11:03:48,159 - game_logging - Energy: 100%, Night: 1, Hour: 3:00
2025-05-29 11:03:51,163 - game_logging - Door Status: Left Closed=False, Right Closed=False
2025-05-29 11:03:51,163 - game_logging - Energy: 100%, Night: 1, Hour: 3:00
2025-05-29 11:03:51,919 - root - foxy moved to position 5.
2025-05-29 11:03:54,170 - game_logging - Door Status: Left Closed=False, Right Closed=False
2025-05-29 11:03:54,170 - game_logging - Energy: 100%, Night: 1, Hour: 3:00
2025-05-29 11:03:56,867 - root - chica moved to position 5.
2025-05-29 11:03:57,177 - game_logging - Door Status: Left Closed=False, Right Closed=False
2025-05-29 11:03:57,177 - game_logging - Energy: 100%, Night: 1, Hour: 3:00
2025-05-29 11:03:57,897 - root - freddy moved to position 4.
2025-05-29 11:04:00,192 - game_logging - Door Status: Left Closed=False, Right Closed=False
2025-05-29 11:04:00,192 - game_logging - Energy: 100%, Night: 1, Hour: 3:00
2025-05-29 11:04:01,854 - root - bonnie moved to position 5.
2025-05-29 11:04:01,930 - root - foxy moved to position 5.
2025-05-29 11:04:03,200 - game_logging - Door Status: Left Closed=False, Right Closed=False
2025-05-29 11:04:03,200 - game_logging - Energy: 100%, Night: 1, Hour: 3:00
2025-05-29 11:04:06,206 - game_logging - Door Status: Left Closed=False, Right Closed=False
2025-05-29 11:04:06,206 - game_logging - Energy: 100%, Night: 1, Hour: 3:00
2025-05-29 11:04:09,218 - game_logging - Door Status: Left Closed=False, Right Closed=False
2025-05-29 11:04:09,218 - game_logging - Energy: 100%, Night: 1, Hour: 3:00
2025-05-29 11:04:11,871 - root - chica moved to position 5.
2025-05-29 11:04:11,934 - root - foxy moved to position 5.
2025-05-29 11:04:12,231 - game_logging - Door Status: Left Closed=False, Right Closed=False
2025-05-29 11:04:12,231 - game_logging - Energy: 100%, Night: 1, Hour: 3:00
2025-05-29 11:04:15,246 - game_logging - Door Status: Left Closed=False, Right Closed=False
2025-05-29 11:04:15,246 - game_logging - Energy: 100%, Night: 1, Hour: 3:00
2025-05-29 11:04:18,259 - game_logging - Door Status: Left Closed=False, Right Closed=False
2025-05-29 11:04:18,259 - game_logging - Energy: 100%, Night: 1, Hour: 3:00
2025-05-29 11:04:21,265 - game_logging - Door Status: Left Closed=False, Right Closed=False
2025-05-29 11:04:21,265 - game_logging - Energy: 100%, Night: 1, Hour: 3:00
2025-05-29 11:04:21,859 - root - bonnie moved to position 5.
2025-05-29 11:04:24,266 - game_logging - Door Status: Left Closed=False, Right Closed=False
2025-05-29 11:04:24,266 - game_logging - Energy: 100%, Night: 1, Hour: 3:00
2025-05-29 11:04:26,885 - root - chica moved to position 5.
2025-05-29 11:04:27,278 - game_logging - Door Status: Left Closed=False, Right Closed=False
2025-05-29 11:04:27,278 - game_logging - Energy: 100%, Night: 1, Hour: 3:00
2025-05-29 11:04:30,285 - game_logging - Door Status: Left Closed=False, Right Closed=False
2025-05-29 11:04:30,285 - game_logging - Energy: 100%, Night: 1, Hour: 3:00
2025-05-29 11:04:31,913 - root - freddy moved to position 5.
2025-05-29 11:04:33,292 - game_logging - Door Status: Left Closed=False, Right Closed=False
2025-05-29 11:04:33,292 - game_logging - Energy: 100%, Night: 1, Hour: 3:00
2025-05-29 11:04:36,294 - game_logging - Door Status: Left Closed=False, Right Closed=False
2025-05-29 11:04:36,294 - game_logging - Energy: 100%, Night: 1, Hour: 3:00
2025-05-29 11:04:39,295 - game_logging - Door Status: Left Closed=False, Right Closed=False
2025-05-29 11:04:39,295 - game_logging - Energy: 100%, Night: 1, Hour: 3:00
2025-05-29 11:04:41,862 - root - bonnie moved to position 5.
2025-05-29 11:04:41,893 - root - chica moved to position 5.
2025-05-29 11:04:41,954 - root - foxy moved to position 5.
2025-05-29 11:04:42,300 - game_logging - Door Status: Left Closed=False, Right Closed=False
2025-05-29 11:04:42,300 - game_logging - Energy: 100%, Night: 1, Hour: 4:00
2025-05-29 11:04:45,304 - game_logging - Door Status: Left Closed=False, Right Closed=False
2025-05-29 11:04:45,304 - game_logging - Energy: 100%, Night: 1, Hour: 4:00
2025-05-29 11:04:48,314 - game_logging - Door Status: Left Closed=False, Right Closed=False
2025-05-29 11:04:48,314 - game_logging - Energy: 100%, Night: 1, Hour: 4:00
2025-05-29 11:04:51,323 - game_logging - Door Status: Left Closed=False, Right Closed=False
2025-05-29 11:04:51,323 - game_logging - Energy: 100%, Night: 1, Hour: 4:00
2025-05-29 11:04:54,327 - game_logging - Door Status: Left Closed=False, Right Closed=False
2025-05-29 11:04:54,327 - game_logging - Energy: 100%, Night: 1, Hour: 4:00
2025-05-29 11:04:56,897 - root - chica moved to position 5.
2025-05-29 11:04:57,331 - game_logging - Door Status: Left Closed=False, Right Closed=False
2025-05-29 11:04:57,331 - game_logging - Energy: 100%, Night: 1, Hour: 4:00
2025-05-29 11:05:00,339 - game_logging - Door Status: Left Closed=False, Right Closed=False
2025-05-29 11:05:00,339 - game_logging - Energy: 100%, Night: 1, Hour: 4:00
2025-05-29 11:05:01,874 - root - bonnie moved to position 5.
2025-05-29 11:05:01,969 - root - foxy moved to position 5.
2025-05-29 11:05:03,346 - game_logging - Door Status: Left Closed=False, Right Closed=False
2025-05-29 11:05:03,346 - game_logging - Energy: 100%, Night: 1, Hour: 4:00
2025-05-29 11:05:05,932 - root - freddy moved to position 5.
2025-05-29 11:05:06,353 - game_logging - Door Status: Left Closed=False, Right Closed=False
2025-05-29 11:05:06,353 - game_logging - Energy: 100%, Night: 1, Hour: 4:00
2025-05-29 11:05:09,365 - game_logging - Door Status: Left Closed=False, Right Closed=False
2025-05-29 11:05:09,365 - game_logging - Energy: 100%, Night: 1, Hour: 4:00
2025-05-29 11:05:11,907 - root - chica moved to position 5.
2025-05-29 11:05:11,984 - root - foxy moved to position 5.
2025-05-29 11:05:12,377 - game_logging - Door Status: Left Closed=False, Right Closed=False
2025-05-29 11:05:12,377 - game_logging - Energy: 100%, Night: 1, Hour: 4:00
2025-05-29 11:05:15,383 - game_logging - Door Status: Left Closed=False, Right Closed=False
2025-05-29 11:05:15,383 - game_logging - Energy: 100%, Night: 1, Hour: 4:00
2025-05-29 11:05:18,399 - game_logging - Door Status: Left Closed=False, Right Closed=False
2025-05-29 11:05:18,399 - game_logging - Energy: 100%, Night: 1, Hour: 4:00
2025-05-29 11:05:21,414 - game_logging - Door Status: Left Closed=False, Right Closed=False
2025-05-29 11:05:21,414 - game_logging - Energy: 100%, Night: 1, Hour: 4:00
2025-05-29 11:05:21,884 - root - bonnie moved to position 5.
2025-05-29 11:05:21,994 - root - foxy moved to position 5.
2025-05-29 11:05:24,417 - game_logging - Door Status: Left Closed=False, Right Closed=False
2025-05-29 11:05:24,417 - game_logging - Energy: 100%, Night: 1, Hour: 4:00
2025-05-29 11:05:26,922 - root - chica moved to position 5.
2025-05-29 11:05:27,421 - game_logging - Door Status: Left Closed=False, Right Closed=False
2025-05-29 11:05:27,421 - game_logging - Energy: 100%, Night: 1, Hour: 4:00
2025-05-29 11:05:30,426 - game_logging - Door Status: Left Closed=False, Right Closed=False
2025-05-29 11:05:30,426 - game_logging - Energy: 100%, Night: 1, Hour: 4:00
2025-05-29 11:05:33,436 - game_logging - Door Status: Left Closed=False, Right Closed=False
2025-05-29 11:05:33,436 - game_logging - Energy: 100%, Night: 1, Hour: 4:00
2025-05-29 11:05:36,441 - game_logging - Door Status: Left Closed=False, Right Closed=False
2025-05-29 11:05:36,441 - game_logging - Energy: 100%, Night: 1, Hour: 4:00
2025-05-29 11:05:39,448 - game_logging - Door Status: Left Closed=False, Right Closed=False
2025-05-29 11:05:39,448 - game_logging - Energy: 100%, Night: 1, Hour: 4:00
2025-05-29 11:05:39,947 - root - freddy moved to position 5.
2025-05-29 11:05:41,890 - root - bonnie moved to position 5.
2025-05-29 11:05:41,937 - root - chica moved to position 5.
2025-05-29 11:05:42,452 - game_logging - Door Status: Left Closed=False, Right Closed=False
2025-05-29 11:05:42,452 - game_logging - Energy: 100%, Night: 1, Hour: 5:00
2025-05-29 11:05:45,464 - game_logging - Door Status: Left Closed=False, Right Closed=False
2025-05-29 11:05:45,464 - game_logging - Energy: 100%, Night: 1, Hour: 5:00
2025-05-29 11:05:48,467 - game_logging - Door Status: Left Closed=False, Right Closed=False
2025-05-29 11:05:48,467 - game_logging - Energy: 100%, Night: 1, Hour: 5:00
2025-05-29 11:05:51,474 - game_logging - Door Status: Left Closed=False, Right Closed=False
2025-05-29 11:05:51,474 - game_logging - Energy: 100%, Night: 1, Hour: 5:00
2025-05-29 11:05:52,011 - root - foxy moved to position 5.
2025-05-29 11:05:54,479 - game_logging - Door Status: Left Closed=False, Right Closed=False
2025-05-29 11:05:54,479 - game_logging - Energy: 100%, Night: 1, Hour: 5:00
2025-05-29 11:05:56,951 - root - chica moved to position 5.
2025-05-29 11:05:56,951 - root - freddy moved to position 5.
2025-05-29 11:05:57,491 - game_logging - Door Status: Left Closed=False, Right Closed=False
2025-05-29 11:05:57,491 - game_logging - Energy: 100%, Night: 1, Hour: 5:00
2025-05-29 11:06:00,494 - game_logging - Door Status: Left Closed=False, Right Closed=False
2025-05-29 11:06:00,494 - game_logging - Energy: 100%, Night: 1, Hour: 5:00
2025-05-29 11:06:01,897 - root - bonnie moved to position 5.
2025-05-29 11:06:02,023 - root - foxy moved to position 5.
2025-05-29 11:06:03,495 - game_logging - Door Status: Left Closed=False, Right Closed=False
2025-05-29 11:06:03,495 - game_logging - Energy: 100%, Night: 1, Hour: 5:00
2025-05-29 11:06:06,506 - game_logging - Door Status: Left Closed=False, Right Closed=False
2025-05-29 11:06:06,506 - game_logging - Energy: 100%, Night: 1, Hour: 5:00
2025-05-29 11:06:09,509 - game_logging - Door Status: Left Closed=False, Right Closed=False
2025-05-29 11:06:09,509 - game_logging - Energy: 100%, Night: 1, Hour: 5:00
2025-05-29 11:06:11,960 - root - chica moved to position 5.
2025-05-29 11:06:12,038 - root - foxy moved to position 5.
2025-05-29 11:06:12,512 - game_logging - Door Status: Left Closed=False, Right Closed=False
2025-05-29 11:06:12,512 - game_logging - Energy: 100%, Night: 1, Hour: 5:00
2025-05-29 11:06:13,954 - root - freddy moved to position 5.
2025-05-29 11:06:15,524 - game_logging - Door Status: Left Closed=False, Right Closed=False
2025-05-29 11:06:15,524 - game_logging - Energy: 100%, Night: 1, Hour: 5:00
2025-05-29 11:06:18,533 - game_logging - Door Status: Left Closed=False, Right Closed=False
2025-05-29 11:06:18,533 - game_logging - Energy: 100%, Night: 1, Hour: 5:00
2025-05-29 11:06:21,536 - game_logging - Door Status: Left Closed=False, Right Closed=False
2025-05-29 11:06:21,536 - game_logging - Energy: 100%, Night: 1, Hour: 5:00
2025-05-29 11:06:21,912 - root - bonnie moved to position 5.
2025-05-29 11:06:22,053 - root - foxy moved to position 5.
2025-05-29 11:06:24,544 - game_logging - Door Status: Left Closed=False, Right Closed=False
2025-05-29 11:06:24,544 - game_logging - Energy: 100%, Night: 1, Hour: 5:00
2025-05-29 11:06:26,965 - root - chica moved to position 5.
2025-05-29 11:06:27,559 - game_logging - Door Status: Left Closed=False, Right Closed=False
2025-05-29 11:06:27,559 - game_logging - Energy: 100%, Night: 1, Hour: 5:00
2025-05-29 11:06:30,570 - game_logging - Door Status: Left Closed=False, Right Closed=False
2025-05-29 11:06:30,570 - game_logging - Energy: 100%, Night: 1, Hour: 5:00
2025-05-29 11:06:32,063 - root - foxy moved to position 5.
2025-05-29 11:06:33,572 - game_logging - Door Status: Left Closed=False, Right Closed=False
2025-05-29 11:06:33,572 - game_logging - Energy: 100%, Night: 1, Hour: 5:00
2025-05-29 11:06:36,580 - game_logging - Door Status: Left Closed=False, Right Closed=False
2025-05-29 11:06:36,580 - game_logging - Energy: 100%, Night: 1, Hour: 5:00
2025-05-29 11:06:39,590 - game_logging - Door Status: Left Closed=False, Right Closed=False
2025-05-29 11:06:39,590 - game_logging - Energy: 100%, Night: 1, Hour: 5:00
2025-05-29 11:06:41,921 - root - bonnie moved to position 5.
2025-05-29 11:06:41,968 - root - chica moved to position 5.
2025-05-29 11:06:42,077 - root - foxy moved to position 5.
2025-05-29 11:06:42,594 - game_logging - Door Status: Left Closed=False, Right Closed=False
2025-05-29 11:06:42,594 - game_logging - Energy: 100%, Night: 1, Hour: 6:00
2025-05-29 11:06:45,596 - game_logging - Door Status: Left Closed=False, Right Closed=False
2025-05-29 11:06:45,596 - game_logging - Energy: 100%, Night: 1, Hour: 6:00
2025-05-29 11:06:47,970 - root - freddy moved to position 5.
2025-05-29 11:06:48,609 - game_logging - Door Status: Left Closed=False, Right Closed=False
2025-05-29 11:06:48,609 - game_logging - Energy: 100%, Night: 1, Hour: 6:00
2025-05-29 11:06:51,620 - game_logging - Door Status: Left Closed=False, Right Closed=False
2025-05-29 11:06:51,620 - game_logging - Energy: 100%, Night: 1, Hour: 6:00
2025-05-29 11:06:52,078 - root - foxy moved to position 5.
2025-05-29 11:06:54,635 - game_logging - Door Status: Left Closed=False, Right Closed=False
2025-05-29 11:06:54,635 - game_logging - Energy: 100%, Night: 1, Hour: 6:00
2025-05-29 11:06:56,968 - root - chica moved to position 5.
2025-05-29 11:06:57,639 - game_logging - Door Status: Left Closed=False, Right Closed=False
2025-05-29 11:06:57,639 - game_logging - Energy: 100%, Night: 1, Hour: 6:00
2025-05-29 11:07:00,640 - game_logging - Door Status: Left Closed=False, Right Closed=False
2025-05-29 11:07:00,640 - game_logging - Energy: 100%, Night: 1, Hour: 6:00
2025-05-29 11:07:01,930 - root - bonnie moved to position 5.
2025-05-29 11:07:03,646 - game_logging - Door Status: Left Closed=False, Right Closed=False
2025-05-29 11:07:03,646 - game_logging - Energy: 100%, Night: 1, Hour: 6:00
2025-05-29 11:07:06,651 - game_logging - Door Status: Left Closed=False, Right Closed=False
2025-05-29 11:07:06,651 - game_logging - Energy: 100%, Night: 1, Hour: 6:00
2025-05-29 11:07:09,664 - game_logging - Door Status: Left Closed=False, Right Closed=False
2025-05-29 11:07:09,664 - game_logging - Energy: 100%, Night: 1, Hour: 6:00
2025-05-29 11:07:11,978 - root - chica moved to position 5.
2025-05-29 11:07:12,678 - game_logging - Door Status: Left Closed=False, Right Closed=False
2025-05-29 11:07:12,678 - game_logging - Energy: 100%, Night: 1, Hour: 6:00
2025-05-29 11:07:15,679 - game_logging - Door Status: Left Closed=False, Right Closed=False
2025-05-29 11:07:15,679 - game_logging - Energy: 100%, Night: 1, Hour: 6:00
2025-05-29 11:07:18,682 - game_logging - Door Status: Left Closed=False, Right Closed=False
2025-05-29 11:07:18,682 - game_logging - Energy: 100%, Night: 1, Hour: 6:00
2025-05-29 11:07:21,687 - game_logging - Door Status: Left Closed=False, Right Closed=False
2025-05-29 11:07:21,687 - game_logging - Energy: 100%, Night: 1, Hour: 6:00
2025-05-29 11:07:21,938 - root - bonnie moved to position 5.
2025-05-29 11:07:21,985 - root - freddy moved to position 5.
2025-05-29 11:07:22,109 - root - foxy moved to position 5.
2025-05-29 11:07:24,696 - game_logging - Door Status: Left Closed=False, Right Closed=False
2025-05-29 11:07:24,696 - game_logging - Energy: 100%, Night: 1, Hour: 6:00
2025-05-29 11:07:26,978 - root - chica moved to position 5.
2025-05-29 11:07:27,697 - game_logging - Door Status: Left Closed=False, Right Closed=False
2025-05-29 11:07:27,697 - game_logging - Energy: 100%, Night: 1, Hour: 6:00
2025-05-29 11:07:30,709 - game_logging - Door Status: Left Closed=False, Right Closed=False
2025-05-29 11:07:30,709 - game_logging - Energy: 100%, Night: 1, Hour: 6:00
2025-05-29 11:07:32,121 - root - foxy moved to position 5.
2025-05-29 11:07:33,709 - game_logging - Door Status: Left Closed=False, Right Closed=False
2025-05-29 11:07:33,710 - game_logging - Energy: 100%, Night: 1, Hour: 6:00
2025-05-29 11:07:36,716 - game_logging - Door Status: Left Closed=False, Right Closed=False
2025-05-29 11:07:36,716 - game_logging - Energy: 100%, Night: 1, Hour: 6:00
2025-05-29 11:07:38,991 - root - freddy moved to position 5.
2025-05-29 11:07:39,726 - game_logging - Door Status: Left Closed=False, Right Closed=False
2025-05-29 11:07:39,726 - game_logging - Energy: 100%, Night: 1, Hour: 6:00
2025-05-29 11:07:41,952 - root - bonnie moved to position 5.
2025-05-29 11:07:41,984 - root - chica moved to position 5.
2025-05-29 11:07:42,738 - game_logging - Door Status: Left Closed=False, Right Closed=False
2025-05-29 11:07:42,738 - game_logging - Energy: 100%, Night: 2, Hour: 1:00
2025-05-29 11:07:45,750 - game_logging - Door Status: Left Closed=False, Right Closed=False
2025-05-29 11:07:45,750 - game_logging - Energy: 100%, Night: 2, Hour: 1:00
2025-05-29 11:07:48,764 - game_logging - Door Status: Left Closed=False, Right Closed=False
2025-05-29 11:07:48,764 - game_logging - Energy: 100%, Night: 2, Hour: 1:00
2025-05-29 11:07:51,770 - game_logging - Door Status: Left Closed=False, Right Closed=False
2025-05-29 11:07:51,770 - game_logging - Energy: 100%, Night: 2, Hour: 1:00
2025-05-29 11:07:54,778 - game_logging - Door Status: Left Closed=False, Right Closed=False
2025-05-29 11:07:54,778 - game_logging - Energy: 100%, Night: 2, Hour: 1:00
2025-05-29 11:07:56,993 - root - chica moved to position 5.
2025-05-29 11:07:57,784 - game_logging - Door Status: Left Closed=False, Right Closed=False
2025-05-29 11:07:57,784 - game_logging - Energy: 100%, Night: 2, Hour: 1:00
2025-05-29 11:08:00,800 - game_logging - Door Status: Left Closed=False, Right Closed=False
2025-05-29 11:08:00,800 - game_logging - Energy: 100%, Night: 2, Hour: 1:00
2025-05-29 11:08:01,966 - root - bonnie moved to position 5.
2025-05-29 11:08:02,139 - root - foxy moved to position 5.
2025-05-29 11:08:03,806 - game_logging - Door Status: Left Closed=False, Right Closed=False
2025-05-29 11:08:03,806 - game_logging - Energy: 100%, Night: 2, Hour: 1:00
2025-05-29 11:08:06,809 - game_logging - Door Status: Left Closed=False, Right Closed=False
2025-05-29 11:08:06,809 - game_logging - Energy: 100%, Night: 2, Hour: 1:00
2025-05-29 11:08:09,813 - game_logging - Door Status: Left Closed=False, Right Closed=False
2025-05-29 11:08:09,813 - game_logging - Energy: 100%, Night: 2, Hour: 1:00
2025-05-29 11:08:12,007 - root - chica moved to position 5.
2025-05-29 11:08:12,148 - root - foxy moved to position 5.
2025-05-29 11:08:12,824 - game_logging - Door Status: Left Closed=False, Right Closed=False
2025-05-29 11:08:12,824 - game_logging - Energy: 100%, Night: 2, Hour: 1:00
2025-05-29 11:08:13,012 - root - freddy moved to position 5.
2025-05-29 11:08:15,834 - game_logging - Door Status: Left Closed=False, Right Closed=False
2025-05-29 11:08:15,834 - game_logging - Energy: 100%, Night: 2, Hour: 1:00
2025-05-29 11:08:18,843 - game_logging - Door Status: Left Closed=False, Right Closed=False
2025-05-29 11:08:18,843 - game_logging - Energy: 100%, Night: 2, Hour: 1:00
2025-05-29 11:08:21,856 - game_logging - Door Status: Left Closed=False, Right Closed=False
2025-05-29 11:08:21,856 - game_logging - Energy: 100%, Night: 2, Hour: 1:00
2025-05-29 11:08:21,981 - root - bonnie moved to position 5.
2025-05-29 11:08:22,153 - root - foxy moved to position 5.
2025-05-29 11:08:24,866 - game_logging - Door Status: Left Closed=False, Right Closed=False
2025-05-29 11:08:24,866 - game_logging - Energy: 100%, Night: 2, Hour: 1:00
2025-05-29 11:08:27,009 - root - chica moved to position 5.
2025-05-29 11:08:27,873 - game_logging - Door Status: Left Closed=False, Right Closed=False
2025-05-29 11:08:27,873 - game_logging - Energy: 100%, Night: 2, Hour: 1:00
2025-05-29 11:08:30,882 - game_logging - Door Status: Left Closed=False, Right Closed=False
2025-05-29 11:08:30,882 - game_logging - Energy: 100%, Night: 2, Hour: 1:00
2025-05-29 11:08:32,154 - root - foxy moved to position 5.
2025-05-29 11:08:33,889 - game_logging - Door Status: Left Closed=False, Right Closed=False
2025-05-29 11:08:33,889 - game_logging - Energy: 100%, Night: 2, Hour: 1:00
2025-05-29 11:08:36,902 - game_logging - Door Status: Left Closed=False, Right Closed=False
2025-05-29 11:08:36,902 - game_logging - Energy: 100%, Night: 2, Hour: 1:00
2025-05-29 11:08:39,909 - game_logging - Door Status: Left Closed=False, Right Closed=False
2025-05-29 11:08:39,909 - game_logging - Energy: 100%, Night: 2, Hour: 1:00
2025-05-29 11:08:41,992 - root - bonnie moved to position 5.
2025-05-29 11:08:42,024 - root - chica moved to position 5.
2025-05-29 11:08:42,162 - root - foxy moved to position 5.
2025-05-29 11:08:42,915 - game_logging - Door Status: Left Closed=False, Right Closed=False
2025-05-29 11:08:42,915 - game_logging - Energy: 100%, Night: 2, Hour: 1:00
2025-05-29 11:08:45,922 - game_logging - Door Status: Left Closed=False, Right Closed=False
2025-05-29 11:08:45,922 - game_logging - Energy: 100%, Night: 2, Hour: 1:00
2025-05-29 11:08:48,922 - game_logging - Door Status: Left Closed=False, Right Closed=False
2025-05-29 11:08:48,922 - game_logging - Energy: 100%, Night: 2, Hour: 1:00
2025-05-29 11:08:51,930 - game_logging - Door Status: Left Closed=False, Right Closed=False
2025-05-29 11:08:51,930 - game_logging - Energy: 100%, Night: 2, Hour: 1:00
2025-05-29 11:08:52,169 - root - foxy moved to position 5.
2025-05-29 11:08:54,932 - game_logging - Door Status: Left Closed=False, Right Closed=False
2025-05-29 11:08:54,932 - game_logging - Energy: 100%, Night: 2, Hour: 1:00
2025-05-29 11:08:57,028 - root - chica moved to position 5.
2025-05-29 11:08:57,946 - game_logging - Door Status: Left Closed=False, Right Closed=False
2025-05-29 11:08:57,946 - game_logging - Energy: 100%, Night: 2, Hour: 1:00
2025-05-29 11:09:00,955 - game_logging - Door Status: Left Closed=False, Right Closed=False
2025-05-29 11:09:00,955 - game_logging - Energy: 100%, Night: 2, Hour: 1:00
2025-05-29 11:09:02,001 - root - bonnie moved to position 5.
2025-05-29 11:09:03,957 - game_logging - Door Status: Left Closed=False, Right Closed=False
2025-05-29 11:09:03,957 - game_logging - Energy: 100%, Night: 2, Hour: 1:00
2025-05-29 11:09:06,961 - game_logging - Door Status: Left Closed=False, Right Closed=False
2025-05-29 11:09:06,961 - game_logging - Energy: 100%, Night: 2, Hour: 1:00
2025-05-29 11:09:09,973 - game_logging - Door Status: Left Closed=False, Right Closed=False
2025-05-29 11:09:09,973 - game_logging - Energy: 100%, Night: 2, Hour: 1:00
2025-05-29 11:09:12,035 - root - chica moved to position 5.
2025-05-29 11:09:12,975 - game_logging - Door Status: Left Closed=False, Right Closed=False
2025-05-29 11:09:12,975 - game_logging - Energy: 100%, Night: 2, Hour: 1:00
2025-05-29 11:09:15,980 - game_logging - Door Status: Left Closed=False, Right Closed=False
2025-05-29 11:09:15,980 - game_logging - Energy: 100%, Night: 2, Hour: 1:00
2025-05-29 11:09:18,992 - game_logging - Door Status: Left Closed=False, Right Closed=False
2025-05-29 11:09:18,992 - game_logging - Energy: 100%, Night: 2, Hour: 1:00
2025-05-29 11:09:21,044 - root - freddy moved to position 5.
2025-05-29 11:09:22,002 - root - bonnie moved to position 5.
2025-05-29 11:09:22,002 - game_logging - Door Status: Left Closed=False, Right Closed=False
2025-05-29 11:09:22,002 - game_logging - Energy: 100%, Night: 2, Hour: 1:00
2025-05-29 11:09:25,003 - game_logging - Door Status: Left Closed=False, Right Closed=False
2025-05-29 11:09:25,003 - game_logging - Energy: 100%, Night: 2, Hour: 1:00
2025-05-29 11:09:27,036 - root - chica moved to position 5.
2025-05-29 11:09:28,018 - game_logging - Door Status: Left Closed=False, Right Closed=False
2025-05-29 11:09:28,018 - game_logging - Energy: 100%, Night: 2, Hour: 1:00
2025-05-29 11:09:31,019 - game_logging - Door Status: Left Closed=False, Right Closed=False
2025-05-29 11:09:31,019 - game_logging - Energy: 100%, Night: 2, Hour: 1:00
2025-05-29 11:09:34,027 - game_logging - Door Status: Left Closed=False, Right Closed=False
2025-05-29 11:09:34,027 - game_logging - Energy: 100%, Night: 2, Hour: 1:00
2025-05-29 11:09:37,042 - game_logging - Door Status: Left Closed=False, Right Closed=False
2025-05-29 11:09:37,042 - game_logging - Energy: 100%, Night: 2, Hour: 1:00
2025-05-29 11:09:40,056 - game_logging - Door Status: Left Closed=False, Right Closed=False
2025-05-29 11:09:40,056 - game_logging - Energy: 100%, Night: 2, Hour: 1:00
2025-05-29 11:09:42,005 - root - bonnie moved to position 5.
2025-05-29 11:09:42,037 - root - chica moved to position 5.
2025-05-29 11:09:42,194 - root - foxy moved to position 5.
2025-05-29 11:09:43,071 - game_logging - Door Status: Left Closed=False, Right Closed=False
2025-05-29 11:09:43,071 - game_logging - Energy: 100%, Night: 2, Hour: 1:00
2025-05-29 11:09:46,083 - game_logging - Door Status: Left Closed=False, Right Closed=False
2025-05-29 11:09:46,083 - game_logging - Energy: 100%, Night: 2, Hour: 1:00
2025-05-29 11:09:49,096 - game_logging - Door Status: Left Closed=False, Right Closed=False
2025-05-29 11:09:49,096 - game_logging - Energy: 100%, Night: 2, Hour: 1:00
2025-05-29 11:09:52,111 - game_logging - Door Status: Left Closed=False, Right Closed=False
2025-05-29 11:09:52,111 - game_logging - Energy: 100%, Night: 2, Hour: 1:00
2025-05-29 11:09:52,206 - root - foxy moved to position 5.
2025-05-29 11:09:55,124 - game_logging - Door Status: Left Closed=False, Right Closed=False
2025-05-29 11:09:55,124 - game_logging - Energy: 100%, Night: 2, Hour: 1:00
2025-05-29 11:09:57,051 - root - chica moved to position 5.
2025-05-29 11:09:58,124 - game_logging - Door Status: Left Closed=False, Right Closed=False
2025-05-29 11:09:58,124 - game_logging - Energy: 100%, Night: 2, Hour: 1:00
2025-05-29 11:10:01,127 - game_logging - Door Status: Left Closed=False, Right Closed=False
2025-05-29 11:10:01,127 - game_logging - Energy: 100%, Night: 2, Hour: 1:00
2025-05-29 11:10:02,018 - root - bonnie moved to position 5.
2025-05-29 11:10:02,220 - root - foxy moved to position 5.
2025-05-29 11:10:04,142 - game_logging - Door Status: Left Closed=False, Right Closed=False
2025-05-29 11:10:04,142 - game_logging - Energy: 100%, Night: 2, Hour: 1:00
2025-05-29 11:10:07,150 - game_logging - Door Status: Left Closed=False, Right Closed=False
2025-05-29 11:10:07,150 - game_logging - Energy: 100%, Night: 2, Hour: 1:00
2025-05-29 11:10:10,159 - game_logging - Door Status: Left Closed=False, Right Closed=False
2025-05-29 11:10:10,159 - game_logging - Energy: 100%, Night: 2, Hour: 1:00
2025-05-29 11:10:12,063 - root - chica moved to position 5.
2025-05-29 11:10:12,063 - root - freddy moved to position 5.
2025-05-29 11:10:12,233 - root - foxy moved to position 5.
2025-05-29 11:10:13,162 - game_logging - Door Status: Left Closed=False, Right Closed=False
2025-05-29 11:10:13,162 - game_logging - Energy: 100%, Night: 2, Hour: 1:00
2025-05-29 11:10:16,168 - game_logging - Door Status: Left Closed=False, Right Closed=False
2025-05-29 11:10:16,168 - game_logging - Energy: 100%, Night: 2, Hour: 1:00
2025-05-29 11:10:19,178 - game_logging - Door Status: Left Closed=False, Right Closed=False
2025-05-29 11:10:19,178 - game_logging - Energy: 100%, Night: 2, Hour: 1:00
2025-05-29 11:10:22,019 - root - bonnie moved to position 5.
2025-05-29 11:10:22,193 - game_logging - Door Status: Left Closed=False, Right Closed=False
2025-05-29 11:10:22,193 - game_logging - Energy: 100%, Night: 2, Hour: 1:00
2025-05-29 11:10:22,240 - root - foxy moved to position 5.
2025-05-29 11:10:25,194 - game_logging - Door Status: Left Closed=False, Right Closed=False
2025-05-29 11:10:25,194 - game_logging - Energy: 100%, Night: 2, Hour: 1:00
2025-05-29 11:10:27,067 - root - chica moved to position 5.
2025-05-29 11:10:28,207 - game_logging - Door Status: Left Closed=False, Right Closed=False
2025-05-29 11:10:28,207 - game_logging - Energy: 100%, Night: 2, Hour: 1:00
2025-05-29 11:10:31,216 - game_logging - Door Status: Left Closed=False, Right Closed=False
2025-05-29 11:10:31,216 - game_logging - Energy: 100%, Night: 2, Hour: 1:00
2025-05-29 11:10:32,250 - root - foxy moved to position 5.
2025-05-29 11:10:34,216 - game_logging - Door Status: Left Closed=False, Right Closed=False
2025-05-29 11:10:34,216 - game_logging - Energy: 100%, Night: 2, Hour: 1:00
2025-05-29 11:10:37,223 - game_logging - Door Status: Left Closed=False, Right Closed=False
2025-05-29 11:10:37,223 - game_logging - Energy: 100%, Night: 2, Hour: 1:00
2025-05-29 11:10:40,231 - game_logging - Door Status: Left Closed=False, Right Closed=False
2025-05-29 11:10:40,231 - game_logging - Energy: 100%, Night: 2, Hour: 1:00
2025-05-29 11:10:42,020 - root - bonnie moved to position 5.
2025-05-29 11:10:42,068 - root - chica moved to position 5.
2025-05-29 11:10:42,254 - root - foxy moved to position 5.
2025-05-29 11:10:43,245 - game_logging - Door Status: Left Closed=False, Right Closed=False
2025-05-29 11:10:43,245 - game_logging - Energy: 100%, Night: 2, Hour: 1:00
2025-05-29 11:10:46,249 - game_logging - Door Status: Left Closed=False, Right Closed=False
2025-05-29 11:10:46,249 - game_logging - Energy: 100%, Night: 2, Hour: 1:00
2025-05-29 11:10:49,258 - game_logging - Door Status: Left Closed=False, Right Closed=False
2025-05-29 11:10:49,258 - game_logging - Energy: 100%, Night: 2, Hour: 1:00
2025-05-29 11:10:52,266 - game_logging - Door Status: Left Closed=False, Right Closed=False
2025-05-29 11:10:52,266 - game_logging - Energy: 100%, Night: 2, Hour: 1:00
2025-05-29 11:10:55,273 - game_logging - Door Status: Left Closed=False, Right Closed=False
2025-05-29 11:10:55,273 - game_logging - Energy: 100%, Night: 2, Hour: 1:00
2025-05-29 11:10:57,083 - root - chica moved to position 5.
2025-05-29 11:10:58,284 - game_logging - Door Status: Left Closed=False, Right Closed=False
2025-05-29 11:10:58,284 - game_logging - Energy: 100%, Night: 2, Hour: 1:00
2025-05-29 11:11:01,299 - game_logging - Door Status: Left Closed=False, Right Closed=False
2025-05-29 11:11:01,299 - game_logging - Energy: 100%, Night: 2, Hour: 1:00
2025-05-29 11:11:02,025 - root - bonnie moved to position 5.
2025-05-29 11:11:04,301 - game_logging - Door Status: Left Closed=False, Right Closed=False
2025-05-29 11:11:04,301 - game_logging - Energy: 100%, Night: 2, Hour: 1:00
2025-05-29 11:11:07,303 - game_logging - Door Status: Left Closed=False, Right Closed=False
2025-05-29 11:11:07,303 - game_logging - Energy: 100%, Night: 2, Hour: 1:00
2025-05-29 11:11:10,317 - game_logging - Door Status: Left Closed=False, Right Closed=False
2025-05-29 11:11:10,317 - game_logging - Energy: 100%, Night: 2, Hour: 1:00
2025-05-29 11:11:12,088 - root - chica moved to position 5.
2025-05-29 11:11:12,293 - root - foxy moved to position 5.
2025-05-29 11:11:13,318 - game_logging - Door Status: Left Closed=False, Right Closed=False
2025-05-29 11:11:13,318 - game_logging - Energy: 100%, Night: 2, Hour: 1:00
2025-05-29 11:11:16,325 - game_logging - Door Status: Left Closed=False, Right Closed=False
2025-05-29 11:11:16,325 - game_logging - Energy: 100%, Night: 2, Hour: 1:00
2025-05-29 11:11:19,334 - game_logging - Door Status: Left Closed=False, Right Closed=False
2025-05-29 11:11:19,334 - game_logging - Energy: 100%, Night: 2, Hour: 1:00
2025-05-29 11:11:22,040 - root - bonnie moved to position 5.
2025-05-29 11:11:22,337 - game_logging - Door Status: Left Closed=False, Right Closed=False
2025-05-29 11:11:22,337 - game_logging - Energy: 100%, Night: 2, Hour: 1:00
2025-05-29 11:11:25,346 - game_logging - Door Status: Left Closed=False, Right Closed=False
2025-05-29 11:11:25,346 - game_logging - Energy: 100%, Night: 2, Hour: 1:00
2025-05-29 11:11:27,089 - root - chica moved to position 5.
2025-05-29 11:11:28,356 - game_logging - Door Status: Left Closed=False, Right Closed=False
2025-05-29 11:11:28,356 - game_logging - Energy: 100%, Night: 2, Hour: 1:00
2025-05-29 11:11:31,371 - game_logging - Door Status: Left Closed=False, Right Closed=False
2025-05-29 11:11:31,371 - game_logging - Energy: 100%, Night: 2, Hour: 1:00
2025-05-29 11:11:32,321 - root - foxy moved to position 5.
2025-05-29 11:11:34,383 - game_logging - Door Status: Left Closed=False, Right Closed=False
2025-05-29 11:11:34,383 - game_logging - Energy: 100%, Night: 2, Hour: 1:00
2025-05-29 11:11:37,097 - root - freddy moved to position 5.
2025-05-29 11:11:37,396 - game_logging - Door Status: Left Closed=False, Right Closed=False
2025-05-29 11:11:37,396 - game_logging - Energy: 100%, Night: 2, Hour: 1:00
2025-05-29 11:11:40,404 - game_logging - Door Status: Left Closed=False, Right Closed=False
2025-05-29 11:11:40,404 - game_logging - Energy: 100%, Night: 2, Hour: 1:00
2025-05-29 11:11:42,055 - root - bonnie moved to position 5.
2025-05-29 11:11:42,102 - root - chica moved to position 5.
2025-05-29 11:11:43,415 - game_logging - Door Status: Left Closed=False, Right Closed=False
2025-05-29 11:11:43,418 - game_logging - Energy: 100%, Night: 2, Hour: 1:00
2025-05-29 11:11:46,422 - game_logging - Door Status: Left Closed=False, Right Closed=False
2025-05-29 11:11:46,422 - game_logging - Energy: 100%, Night: 2, Hour: 1:00
2025-05-29 11:11:49,435 - game_logging - Door Status: Left Closed=False, Right Closed=False
2025-05-29 11:11:49,435 - game_logging - Energy: 100%, Night: 2, Hour: 1:00
2025-05-29 11:11:52,338 - root - foxy moved to position 5.
2025-05-29 11:11:52,447 - game_logging - Door Status: Left Closed=False, Right Closed=False
2025-05-29 11:11:52,447 - game_logging - Energy: 100%, Night: 2, Hour: 1:00
2025-05-29 11:11:55,456 - game_logging - Door Status: Left Closed=False, Right Closed=False
2025-05-29 11:11:55,456 - game_logging - Energy: 100%, Night: 2, Hour: 1:00
2025-05-29 11:11:57,110 - root - chica moved to position 5.
2025-05-29 11:11:58,469 - game_logging - Door Status: Left Closed=False, Right Closed=False
2025-05-29 11:11:58,469 - game_logging - Energy: 100%, Night: 2, Hour: 1:00
2025-05-29 11:12:01,477 - game_logging - Door Status: Left Closed=False, Right Closed=False
2025-05-29 11:12:01,477 - game_logging - Energy: 100%, Night: 2, Hour: 1:00
2025-05-29 11:12:02,060 - root - bonnie moved to position 5.
2025-05-29 11:12:02,341 - root - foxy moved to position 5.
2025-05-29 11:12:04,480 - game_logging - Door Status: Left Closed=False, Right Closed=False
2025-05-29 11:12:04,480 - game_logging - Energy: 100%, Night: 2, Hour: 1:00
2025-05-29 11:12:07,484 - game_logging - Door Status: Left Closed=False, Right Closed=False
2025-05-29 11:12:07,484 - game_logging - Energy: 100%, Night: 2, Hour: 1:00
2025-05-29 11:12:10,497 - game_logging - Door Status: Left Closed=False, Right Closed=False
2025-05-29 11:12:10,497 - game_logging - Energy: 100%, Night: 2, Hour: 1:00
2025-05-29 11:12:12,123 - root - chica moved to position 5.
2025-05-29 11:12:12,345 - root - foxy moved to position 5.
2025-05-29 11:12:13,508 - game_logging - Door Status: Left Closed=False, Right Closed=False
2025-05-29 11:12:13,508 - game_logging - Energy: 100%, Night: 2, Hour: 1:00
2025-05-29 11:12:16,511 - game_logging - Door Status: Left Closed=False, Right Closed=False
2025-05-29 11:12:16,511 - game_logging - Energy: 100%, Night: 2, Hour: 1:00
2025-05-29 11:12:19,518 - game_logging - Door Status: Left Closed=False, Right Closed=False
2025-05-29 11:12:19,518 - game_logging - Energy: 100%, Night: 2, Hour: 1:00
2025-05-29 11:12:22,074 - root - bonnie moved to position 5.
2025-05-29 11:12:22,518 - game_logging - Door Status: Left Closed=False, Right Closed=False
2025-05-29 11:12:22,518 - game_logging - Energy: 100%, Night: 2, Hour: 1:00
2025-05-29 11:12:25,531 - game_logging - Door Status: Left Closed=False, Right Closed=False
2025-05-29 11:12:25,531 - game_logging - Energy: 100%, Night: 2, Hour: 1:00
2025-05-29 11:12:27,130 - root - chica moved to position 5.
2025-05-29 11:12:28,112 - root - freddy moved to position 5.
2025-05-29 11:12:28,534 - game_logging - Door Status: Left Closed=False, Right Closed=False
2025-05-29 11:12:28,534 - game_logging - Energy: 100%, Night: 2, Hour: 1:00
2025-05-29 11:12:31,543 - game_logging - Door Status: Left Closed=False, Right Closed=False
2025-05-29 11:12:31,543 - game_logging - Energy: 100%, Night: 2, Hour: 1:00
2025-05-29 11:12:32,359 - root - foxy moved to position 5.
2025-05-29 11:12:34,548 - game_logging - Door Status: Left Closed=False, Right Closed=False
2025-05-29 11:12:34,548 - game_logging - Energy: 100%, Night: 2, Hour: 1:00
2025-05-29 11:12:37,550 - game_logging - Door Status: Left Closed=False, Right Closed=False
2025-05-29 11:12:37,550 - game_logging - Energy: 100%, Night: 2, Hour: 1:00
2025-05-29 11:12:40,565 - game_logging - Door Status: Left Closed=False, Right Closed=False
2025-05-29 11:12:40,565 - game_logging - Energy: 100%, Night: 2, Hour: 1:00
2025-05-29 11:12:42,080 - root - bonnie moved to position 5.
2025-05-29 11:12:42,143 - root - chica moved to position 5.
2025-05-29 11:12:42,363 - root - foxy moved to position 5.
2025-05-29 11:12:43,575 - game_logging - Door Status: Left Closed=False, Right Closed=False
2025-05-29 11:12:43,575 - game_logging - Energy: 100%, Night: 2, Hour: 1:00
2025-05-29 11:12:46,587 - game_logging - Door Status: Left Closed=False, Right Closed=False
2025-05-29 11:12:46,587 - game_logging - Energy: 100%, Night: 2, Hour: 1:00
2025-05-29 11:12:49,600 - game_logging - Door Status: Left Closed=False, Right Closed=False
2025-05-29 11:12:49,600 - game_logging - Energy: 100%, Night: 2, Hour: 1:00
2025-05-29 11:12:52,366 - root - foxy moved to position 5.
2025-05-29 11:12:52,600 - game_logging - Door Status: Left Closed=False, Right Closed=False
2025-05-29 11:12:52,600 - game_logging - Energy: 100%, Night: 2, Hour: 1:00
2025-05-29 11:12:55,605 - game_logging - Door Status: Left Closed=False, Right Closed=False
2025-05-29 11:12:55,605 - game_logging - Energy: 100%, Night: 2, Hour: 1:00
2025-05-29 11:12:57,152 - root - chica moved to position 5.
2025-05-29 11:12:58,614 - game_logging - Door Status: Left Closed=False, Right Closed=False
2025-05-29 11:12:58,614 - game_logging - Energy: 100%, Night: 2, Hour: 1:00
2025-05-29 11:13:01,618 - game_logging - Door Status: Left Closed=False, Right Closed=False
2025-05-29 11:13:01,618 - game_logging - Energy: 100%, Night: 2, Hour: 1:00
2025-05-29 11:13:02,094 - root - bonnie moved to position 5.
2025-05-29 11:13:02,126 - root - freddy moved to position 5.
2025-05-29 11:13:02,375 - root - foxy moved to position 5.
2025-05-29 11:13:04,627 - game_logging - Door Status: Left Closed=False, Right Closed=False
2025-05-29 11:13:04,627 - game_logging - Energy: 100%, Night: 2, Hour: 1:00
2025-05-29 11:13:07,638 - game_logging - Door Status: Left Closed=False, Right Closed=False
2025-05-29 11:13:07,638 - game_logging - Energy: 100%, Night: 2, Hour: 1:00
2025-05-29 11:13:10,651 - game_logging - Door Status: Left Closed=False, Right Closed=False
2025-05-29 11:13:10,651 - game_logging - Energy: 100%, Night: 2, Hour: 1:00
2025-05-29 11:13:12,152 - root - chica moved to position 5.
2025-05-29 11:13:12,385 - root - foxy moved to position 5.
2025-05-29 11:13:13,652 - game_logging - Door Status: Left Closed=False, Right Closed=False
2025-05-29 11:13:13,652 - game_logging - Energy: 100%, Night: 2, Hour: 1:00
2025-05-29 11:13:16,660 - game_logging - Door Status: Left Closed=False, Right Closed=False
2025-05-29 11:13:16,660 - game_logging - Energy: 100%, Night: 2, Hour: 1:00
2025-05-29 11:13:19,140 - root - freddy moved to position 5.
2025-05-29 11:13:19,669 - game_logging - Door Status: Left Closed=False, Right Closed=False
2025-05-29 11:13:19,669 - game_logging - Energy: 100%, Night: 2, Hour: 1:00
2025-05-29 11:13:22,100 - root - bonnie moved to position 5.
2025-05-29 11:13:22,397 - root - foxy moved to position 5.
2025-05-29 11:13:22,681 - game_logging - Door Status: Left Closed=False, Right Closed=False
2025-05-29 11:13:22,681 - game_logging - Energy: 100%, Night: 2, Hour: 1:00
2025-05-29 11:13:25,682 - game_logging - Door Status: Left Closed=False, Right Closed=False
2025-05-29 11:13:25,682 - game_logging - Energy: 100%, Night: 2, Hour: 1:00
2025-05-29 11:13:27,156 - root - chica moved to position 5.
2025-05-29 11:13:28,695 - game_logging - Door Status: Left Closed=False, Right Closed=False
2025-05-29 11:13:28,695 - game_logging - Energy: 100%, Night: 2, Hour: 1:00
2025-05-29 11:13:31,707 - game_logging - Door Status: Left Closed=False, Right Closed=False
2025-05-29 11:13:31,707 - game_logging - Energy: 100%, Night: 2, Hour: 1:00
2025-05-29 11:13:34,715 - game_logging - Door Status: Left Closed=False, Right Closed=False
2025-05-29 11:13:34,715 - game_logging - Energy: 100%, Night: 2, Hour: 1:00
2025-05-29 11:13:36,151 - root - freddy moved to position 5.
2025-05-29 11:13:37,716 - game_logging - Door Status: Left Closed=False, Right Closed=False
2025-05-29 11:13:37,716 - game_logging - Energy: 100%, Night: 2, Hour: 1:00
2025-05-29 11:13:40,723 - game_logging - Door Status: Left Closed=False, Right Closed=False
2025-05-29 11:13:40,723 - game_logging - Energy: 100%, Night: 2, Hour: 1:00
2025-05-29 11:13:42,113 - root - bonnie moved to position 5.
2025-05-29 11:13:42,159 - root - chica moved to position 5.
2025-05-29 11:13:43,733 - game_logging - Door Status: Left Closed=False, Right Closed=False
2025-05-29 11:13:43,733 - game_logging - Energy: 100%, Night: 2, Hour: 1:00
2025-05-29 11:13:46,737 - game_logging - Door Status: Left Closed=False, Right Closed=False
2025-05-29 11:13:46,737 - game_logging - Energy: 100%, Night: 2, Hour: 1:00
2025-05-29 11:13:49,739 - game_logging - Door Status: Left Closed=False, Right Closed=False
2025-05-29 11:13:49,739 - game_logging - Energy: 100%, Night: 2, Hour: 1:00
2025-05-29 11:13:52,427 - root - foxy moved to position 5.
2025-05-29 11:13:52,754 - game_logging - Door Status: Left Closed=False, Right Closed=False
2025-05-29 11:13:52,754 - game_logging - Energy: 100%, Night: 2, Hour: 1:00
2025-05-29 11:13:55,763 - game_logging - Door Status: Left Closed=False, Right Closed=False
2025-05-29 11:13:55,763 - game_logging - Energy: 100%, Night: 2, Hour: 1:00
2025-05-29 11:13:57,161 - root - chica moved to position 5.
2025-05-29 11:13:58,773 - game_logging - Door Status: Left Closed=False, Right Closed=False
2025-05-29 11:13:58,773 - game_logging - Energy: 100%, Night: 2, Hour: 1:00
2025-05-29 11:14:01,781 - game_logging - Door Status: Left Closed=False, Right Closed=False
2025-05-29 11:14:01,781 - game_logging - Energy: 100%, Night: 2, Hour: 1:00
2025-05-29 11:14:02,127 - root - bonnie moved to position 5.
2025-05-29 11:14:02,437 - root - foxy moved to position 5.
2025-05-29 11:14:04,784 - game_logging - Door Status: Left Closed=False, Right Closed=False
2025-05-29 11:14:04,784 - game_logging - Energy: 100%, Night: 2, Hour: 1:00
2025-05-29 11:14:07,787 - game_logging - Door Status: Left Closed=False, Right Closed=False
2025-05-29 11:14:07,787 - game_logging - Energy: 100%, Night: 2, Hour: 1:00
2025-05-29 11:14:10,168 - root - freddy moved to position 5.
2025-05-29 11:14:10,798 - game_logging - Door Status: Left Closed=False, Right Closed=False
2025-05-29 11:14:10,798 - game_logging - Energy: 100%, Night: 2, Hour: 1:00
2025-05-29 11:14:12,169 - root - chica moved to position 5.
2025-05-29 11:14:13,799 - game_logging - Door Status: Left Closed=False, Right Closed=False
2025-05-29 11:14:13,799 - game_logging - Energy: 100%, Night: 2, Hour: 1:00
2025-05-29 11:14:16,804 - game_logging - Door Status: Left Closed=False, Right Closed=False
2025-05-29 11:14:16,804 - game_logging - Energy: 100%, Night: 2, Hour: 1:00
2025-05-29 11:14:19,815 - game_logging - Door Status: Left Closed=False, Right Closed=False
2025-05-29 11:14:19,815 - game_logging - Energy: 100%, Night: 2, Hour: 1:00
2025-05-29 11:14:22,130 - root - bonnie moved to position 5.
2025-05-29 11:14:22,830 - game_logging - Door Status: Left Closed=False, Right Closed=False
2025-05-29 11:14:22,830 - game_logging - Energy: 100%, Night: 2, Hour: 1:00
2025-05-29 11:14:25,831 - game_logging - Door Status: Left Closed=False, Right Closed=False
2025-05-29 11:14:25,831 - game_logging - Energy: 100%, Night: 2, Hour: 1:00
2025-05-29 11:14:27,185 - root - chica moved to position 5.
2025-05-29 11:14:28,844 - game_logging - Door Status: Left Closed=False, Right Closed=False
2025-05-29 11:14:28,844 - game_logging - Energy: 100%, Night: 2, Hour: 1:00
2025-05-29 11:14:31,857 - game_logging - Door Status: Left Closed=False, Right Closed=False
2025-05-29 11:14:31,857 - game_logging - Energy: 100%, Night: 2, Hour: 1:00
2025-05-29 11:14:34,865 - game_logging - Door Status: Left Closed=False, Right Closed=False
2025-05-29 11:14:34,865 - game_logging - Energy: 100%, Night: 2, Hour: 1:00
2025-05-29 11:14:37,871 - game_logging - Door Status: Left Closed=False, Right Closed=False
2025-05-29 11:14:37,871 - game_logging - Energy: 100%, Night: 2, Hour: 1:00
2025-05-29 11:14:40,872 - game_logging - Door Status: Left Closed=False, Right Closed=False
2025-05-29 11:14:40,872 - game_logging - Energy: 100%, Night: 2, Hour: 1:00
2025-05-29 11:14:42,142 - root - bonnie moved to position 5.
2025-05-29 11:14:42,189 - root - chica moved to position 5.
2025-05-29 11:14:43,878 - game_logging - Door Status: Left Closed=False, Right Closed=False
2025-05-29 11:14:43,878 - game_logging - Energy: 100%, Night: 2, Hour: 1:00
2025-05-29 11:14:46,885 - game_logging - Door Status: Left Closed=False, Right Closed=False
2025-05-29 11:14:46,885 - game_logging - Energy: 100%, Night: 2, Hour: 1:00
2025-05-29 11:14:49,896 - game_logging - Door Status: Left Closed=False, Right Closed=False
2025-05-29 11:14:49,896 - game_logging - Energy: 100%, Night: 2, Hour: 1:00
2025-05-29 11:14:52,480 - root - foxy moved to position 5.
2025-05-29 11:14:52,907 - game_logging - Door Status: Left Closed=False, Right Closed=False
2025-05-29 11:14:52,907 - game_logging - Energy: 100%, Night: 2, Hour: 1:00
2025-05-29 11:14:55,920 - game_logging - Door Status: Left Closed=False, Right Closed=False
2025-05-29 11:14:55,920 - game_logging - Energy: 100%, Night: 2, Hour: 1:00
2025-05-29 11:14:57,200 - root - chica moved to position 5.
2025-05-29 11:14:58,925 - game_logging - Door Status: Left Closed=False, Right Closed=False
2025-05-29 11:14:58,925 - game_logging - Energy: 100%, Night: 2, Hour: 1:00
2025-05-29 11:15:01,179 - root - freddy moved to position 5.
2025-05-29 11:15:01,932 - game_logging - Door Status: Left Closed=False, Right Closed=False
2025-05-29 11:15:01,932 - game_logging - Energy: 100%, Night: 2, Hour: 1:00
2025-05-29 11:15:02,150 - root - bonnie moved to position 5.
2025-05-29 11:15:04,935 - game_logging - Door Status: Left Closed=False, Right Closed=False
2025-05-29 11:15:04,935 - game_logging - Energy: 100%, Night: 2, Hour: 1:00
2025-05-29 11:15:07,945 - game_logging - Door Status: Left Closed=False, Right Closed=False
2025-05-29 11:15:07,945 - game_logging - Energy: 100%, Night: 2, Hour: 1:00
2025-05-29 11:15:10,959 - game_logging - Door Status: Left Closed=False, Right Closed=False
2025-05-29 11:15:10,959 - game_logging - Energy: 100%, Night: 2, Hour: 1:00
2025-05-29 11:15:12,209 - root - chica moved to position 5.
2025-05-29 11:15:13,971 - game_logging - Door Status: Left Closed=False, Right Closed=False
2025-05-29 11:15:13,971 - game_logging - Energy: 100%, Night: 2, Hour: 1:00
2025-05-29 11:15:16,982 - game_logging - Door Status: Left Closed=False, Right Closed=False
2025-05-29 11:15:16,982 - game_logging - Energy: 100%, Night: 2, Hour: 1:00
2025-05-29 11:15:18,184 - root - freddy moved to position 5.
2025-05-29 11:15:19,997 - game_logging - Door Status: Left Closed=False, Right Closed=False
2025-05-29 11:15:19,997 - game_logging - Energy: 100%, Night: 2, Hour: 1:00
2025-05-29 11:15:22,161 - root - bonnie moved to position 5.
2025-05-29 11:15:22,520 - root - foxy moved to position 5.
2025-05-29 11:15:23,004 - game_logging - Door Status: Left Closed=False, Right Closed=False
2025-05-29 11:15:23,004 - game_logging - Energy: 100%, Night: 2, Hour: 1:00
2025-05-29 11:15:26,008 - game_logging - Door Status: Left Closed=False, Right Closed=False
2025-05-29 11:15:26,008 - game_logging - Energy: 100%, Night: 2, Hour: 1:00
2025-05-29 11:15:27,209 - root - chica moved to position 5.
2025-05-29 11:15:29,009 - game_logging - Door Status: Left Closed=False, Right Closed=False
2025-05-29 11:15:29,009 - game_logging - Energy: 100%, Night: 2, Hour: 1:00
2025-05-29 11:15:32,021 - game_logging - Door Status: Left Closed=False, Right Closed=False
2025-05-29 11:15:32,021 - game_logging - Energy: 100%, Night: 2, Hour: 1:00
2025-05-29 11:15:35,035 - game_logging - Door Status: Left Closed=False, Right Closed=False
2025-05-29 11:15:35,035 - game_logging - Energy: 100%, Night: 2, Hour: 1:00
2025-05-29 11:15:38,035 - game_logging - Door Status: Left Closed=False, Right Closed=False
2025-05-29 11:15:38,035 - game_logging - Energy: 100%, Night: 2, Hour: 1:00
2025-05-29 11:15:41,037 - game_logging - Door Status: Left Closed=False, Right Closed=False
2025-05-29 11:15:41,037 - game_logging - Energy: 100%, Night: 2, Hour: 1:00
2025-05-29 11:15:42,177 - root - bonnie moved to position 5.
2025-05-29 11:15:42,223 - root - chica moved to position 5.
2025-05-29 11:15:42,537 - root - foxy moved to position 5.
2025-05-29 11:15:44,048 - game_logging - Door Status: Left Closed=False, Right Closed=False
2025-05-29 11:15:44,048 - game_logging - Energy: 100%, Night: 2, Hour: 1:00
2025-05-29 11:15:47,059 - game_logging - Door Status: Left Closed=False, Right Closed=False
2025-05-29 11:15:47,059 - game_logging - Energy: 100%, Night: 2, Hour: 1:00
2025-05-29 11:15:50,066 - game_logging - Door Status: Left Closed=False, Right Closed=False
2025-05-29 11:15:50,066 - game_logging - Energy: 100%, Night: 2, Hour: 1:00
2025-05-29 11:15:53,068 - game_logging - Door Status: Left Closed=False, Right Closed=False
2025-05-29 11:15:53,068 - game_logging - Energy: 100%, Night: 2, Hour: 1:00
2025-05-29 11:15:56,074 - game_logging - Door Status: Left Closed=False, Right Closed=False
2025-05-29 11:15:56,074 - game_logging - Energy: 100%, Night: 2, Hour: 1:00
2025-05-29 11:15:57,225 - root - chica moved to position 5.
2025-05-29 11:15:59,081 - game_logging - Door Status: Left Closed=False, Right Closed=False
2025-05-29 11:15:59,081 - game_logging - Energy: 100%, Night: 2, Hour: 1:00
2025-05-29 11:16:02,082 - game_logging - Door Status: Left Closed=False, Right Closed=False
2025-05-29 11:16:02,082 - game_logging - Energy: 100%, Night: 2, Hour: 1:00
2025-05-29 11:16:02,190 - root - bonnie moved to position 5.
2025-05-29 11:16:02,565 - root - foxy moved to position 5.
2025-05-29 11:16:05,097 - game_logging - Door Status: Left Closed=False, Right Closed=False
2025-05-29 11:16:05,097 - game_logging - Energy: 100%, Night: 2, Hour: 1:00
2025-05-29 11:16:08,107 - game_logging - Door Status: Left Closed=False, Right Closed=False
2025-05-29 11:16:08,107 - game_logging - Energy: 100%, Night: 2, Hour: 1:00
2025-05-29 11:16:09,196 - root - freddy moved to position 5.
2025-05-29 11:16:11,108 - game_logging - Door Status: Left Closed=False, Right Closed=False
2025-05-29 11:16:11,108 - game_logging - Energy: 100%, Night: 2, Hour: 1:00
2025-05-29 11:16:12,238 - root - chica moved to position 5.
2025-05-29 11:16:14,120 - game_logging - Door Status: Left Closed=False, Right Closed=False
2025-05-29 11:16:14,120 - game_logging - Energy: 100%, Night: 2, Hour: 1:00
2025-05-29 11:16:17,130 - game_logging - Door Status: Left Closed=False, Right Closed=False
2025-05-29 11:16:17,130 - game_logging - Energy: 100%, Night: 2, Hour: 1:00
2025-05-29 11:16:20,137 - game_logging - Door Status: Left Closed=False, Right Closed=False
2025-05-29 11:16:20,137 - game_logging - Energy: 100%, Night: 2, Hour: 1:00
2025-05-29 11:16:22,205 - root - bonnie moved to position 5.
2025-05-29 11:16:22,582 - root - foxy moved to position 5.
2025-05-29 11:16:23,146 - game_logging - Door Status: Left Closed=False, Right Closed=False
2025-05-29 11:16:23,146 - game_logging - Energy: 100%, Night: 2, Hour: 1:00
2025-05-29 11:16:26,147 - game_logging - Door Status: Left Closed=False, Right Closed=False
2025-05-29 11:16:26,147 - game_logging - Energy: 100%, Night: 2, Hour: 1:00
2025-05-29 11:16:27,251 - root - chica moved to position 5.
2025-05-29 11:16:29,148 - game_logging - Door Status: Left Closed=False, Right Closed=False
2025-05-29 11:16:29,148 - game_logging - Energy: 100%, Night: 2, Hour: 1:00
2025-05-29 11:16:32,155 - game_logging - Door Status: Left Closed=False, Right Closed=False
2025-05-29 11:16:32,155 - game_logging - Energy: 100%, Night: 2, Hour: 1:00
2025-05-29 11:16:32,590 - root - foxy moved to position 5.
2025-05-29 11:16:35,166 - game_logging - Door Status: Left Closed=False, Right Closed=False
2025-05-29 11:16:35,166 - game_logging - Energy: 100%, Night: 2, Hour: 1:00
2025-05-29 11:16:38,167 - game_logging - Door Status: Left Closed=False, Right Closed=False
2025-05-29 11:16:38,167 - game_logging - Energy: 100%, Night: 2, Hour: 1:00
2025-05-29 11:16:41,170 - game_logging - Door Status: Left Closed=False, Right Closed=False
2025-05-29 11:16:41,170 - game_logging - Energy: 100%, Night: 2, Hour: 1:00
2025-05-29 11:16:42,207 - root - bonnie moved to position 5.
2025-05-29 11:16:42,254 - root - chica moved to position 5.
2025-05-29 11:16:43,217 - root - freddy moved to position 5.
2025-05-29 11:16:44,179 - game_logging - Door Status: Left Closed=False, Right Closed=False
2025-05-29 11:16:44,179 - game_logging - Energy: 100%, Night: 2, Hour: 1:00
2025-05-29 11:16:47,194 - game_logging - Door Status: Left Closed=False, Right Closed=False
2025-05-29 11:16:47,194 - game_logging - Energy: 100%, Night: 2, Hour: 1:00
2025-05-29 11:16:50,207 - game_logging - Door Status: Left Closed=False, Right Closed=False
2025-05-29 11:16:50,207 - game_logging - Energy: 100%, Night: 2, Hour: 1:00
2025-05-29 11:16:53,212 - game_logging - Door Status: Left Closed=False, Right Closed=False
2025-05-29 11:16:53,212 - game_logging - Energy: 100%, Night: 2, Hour: 1:00
2025-05-29 11:16:56,215 - game_logging - Door Status: Left Closed=False, Right Closed=False
2025-05-29 11:16:56,215 - game_logging - Energy: 100%, Night: 2, Hour: 1:00
2025-05-29 11:16:57,254 - root - chica moved to position 5.
2025-05-29 11:16:59,227 - game_logging - Door Status: Left Closed=False, Right Closed=False
2025-05-29 11:16:59,227 - game_logging - Energy: 100%, Night: 2, Hour: 1:00
2025-05-29 11:17:00,217 - root - freddy moved to position 5.
2025-05-29 11:17:02,211 - root - bonnie moved to position 5.
2025-05-29 11:17:02,243 - game_logging - Door Status: Left Closed=False, Right Closed=False
2025-05-29 11:17:02,243 - game_logging - Energy: 100%, Night: 2, Hour: 1:00
2025-05-29 11:17:02,620 - root - foxy moved to position 5.
2025-05-29 11:17:05,246 - game_logging - Door Status: Left Closed=False, Right Closed=False
2025-05-29 11:17:05,246 - game_logging - Energy: 100%, Night: 2, Hour: 1:00
2025-05-29 11:17:08,253 - game_logging - Door Status: Left Closed=False, Right Closed=False
2025-05-29 11:17:08,253 - game_logging - Energy: 100%, Night: 2, Hour: 1:00
2025-05-29 11:17:11,264 - game_logging - Door Status: Left Closed=False, Right Closed=False
2025-05-29 11:17:11,264 - game_logging - Energy: 100%, Night: 2, Hour: 1:00
2025-05-29 11:17:12,264 - root - chica moved to position 5.
2025-05-29 11:17:12,628 - root - foxy moved to position 5.
2025-05-29 11:17:14,269 - game_logging - Door Status: Left Closed=False, Right Closed=False
2025-05-29 11:17:14,269 - game_logging - Energy: 100%, Night: 2, Hour: 1:00
2025-05-29 11:17:17,278 - game_logging - Door Status: Left Closed=False, Right Closed=False
2025-05-29 11:17:17,278 - game_logging - Energy: 100%, Night: 2, Hour: 1:00
2025-05-29 11:17:20,280 - game_logging - Door Status: Left Closed=False, Right Closed=False
2025-05-29 11:17:20,280 - game_logging - Energy: 100%, Night: 2, Hour: 1:00
2025-05-29 11:17:22,222 - root - bonnie moved to position 5.
2025-05-29 11:17:23,281 - game_logging - Door Status: Left Closed=False, Right Closed=False
2025-05-29 11:17:23,281 - game_logging - Energy: 100%, Night: 2, Hour: 1:00
2025-05-29 11:17:26,284 - game_logging - Door Status: Left Closed=False, Right Closed=False
2025-05-29 11:17:26,284 - game_logging - Energy: 100%, Night: 2, Hour: 1:00
2025-05-29 11:17:27,266 - root - chica moved to position 5.
2025-05-29 11:17:29,294 - game_logging - Door Status: Left Closed=False, Right Closed=False
2025-05-29 11:17:29,294 - game_logging - Energy: 100%, Night: 2, Hour: 1:00
2025-05-29 11:17:32,297 - game_logging - Door Status: Left Closed=False, Right Closed=False
2025-05-29 11:17:32,297 - game_logging - Energy: 100%, Night: 2, Hour: 1:00
2025-05-29 11:17:32,643 - root - foxy moved to position 5.
2025-05-29 11:17:35,305 - game_logging - Door Status: Left Closed=False, Right Closed=False
2025-05-29 11:17:35,305 - game_logging - Energy: 100%, Night: 2, Hour: 1:00
2025-05-29 11:17:38,310 - game_logging - Door Status: Left Closed=False, Right Closed=False
2025-05-29 11:17:38,310 - game_logging - Energy: 100%, Night: 2, Hour: 1:00
2025-05-29 11:17:41,314 - game_logging - Door Status: Left Closed=False, Right Closed=False
2025-05-29 11:17:41,314 - game_logging - Energy: 100%, Night: 2, Hour: 1:00
2025-05-29 11:17:42,229 - root - bonnie moved to position 5.
2025-05-29 11:17:42,277 - root - chica moved to position 5.
2025-05-29 11:17:44,326 - game_logging - Door Status: Left Closed=False, Right Closed=False
2025-05-29 11:17:44,326 - game_logging - Energy: 100%, Night: 2, Hour: 1:00
2025-05-29 11:17:47,333 - game_logging - Door Status: Left Closed=False, Right Closed=False
2025-05-29 11:17:47,333 - game_logging - Energy: 100%, Night: 2, Hour: 1:00
2025-05-29 11:17:50,333 - game_logging - Door Status: Left Closed=False, Right Closed=False
2025-05-29 11:17:50,333 - game_logging - Energy: 100%, Night: 2, Hour: 1:00
2025-05-29 11:17:51,238 - root - freddy moved to position 5.
2025-05-29 11:17:52,665 - root - foxy moved to position 5.
2025-05-29 11:17:53,345 - game_logging - Door Status: Left Closed=False, Right Closed=False
2025-05-29 11:17:53,345 - game_logging - Energy: 100%, Night: 2, Hour: 1:00
2025-05-29 11:17:56,356 - game_logging - Door Status: Left Closed=False, Right Closed=False
2025-05-29 11:17:56,356 - game_logging - Energy: 100%, Night: 2, Hour: 1:00
2025-05-29 11:17:57,283 - root - chica moved to position 5.
2025-05-29 11:17:59,368 - game_logging - Door Status: Left Closed=False, Right Closed=False
2025-05-29 11:17:59,368 - game_logging - Energy: 100%, Night: 2, Hour: 1:00
2025-05-29 11:18:02,243 - root - bonnie moved to position 5.
2025-05-29 11:18:02,383 - game_logging - Door Status: Left Closed=False, Right Closed=False
2025-05-29 11:18:02,383 - game_logging - Energy: 100%, Night: 2, Hour: 1:00
2025-05-29 11:18:05,386 - game_logging - Door Status: Left Closed=False, Right Closed=False
2025-05-29 11:18:05,386 - game_logging - Energy: 100%, Night: 2, Hour: 1:00
2025-05-29 11:18:08,250 - root - freddy moved to position 5.
2025-05-29 11:18:08,391 - game_logging - Door Status: Left Closed=False, Right Closed=False
2025-05-29 11:18:08,391 - game_logging - Energy: 100%, Night: 2, Hour: 1:00
2025-05-29 11:18:11,403 - game_logging - Door Status: Left Closed=False, Right Closed=False
2025-05-29 11:18:11,403 - game_logging - Energy: 100%, Night: 2, Hour: 1:00
2025-05-29 11:18:12,297 - root - chica moved to position 5.
2025-05-29 11:18:12,672 - root - foxy moved to position 5.
2025-05-29 11:18:14,407 - game_logging - Door Status: Left Closed=False, Right Closed=False
2025-05-29 11:18:14,407 - game_logging - Energy: 100%, Night: 2, Hour: 1:00
2025-05-29 11:18:17,422 - game_logging - Door Status: Left Closed=False, Right Closed=False
2025-05-29 11:18:17,422 - game_logging - Energy: 100%, Night: 2, Hour: 1:00
2025-05-29 11:18:20,423 - game_logging - Door Status: Left Closed=False, Right Closed=False
2025-05-29 11:18:20,423 - game_logging - Energy: 100%, Night: 2, Hour: 1:00
2025-05-29 11:18:22,258 - root - bonnie moved to position 5.
2025-05-29 11:18:23,425 - game_logging - Door Status: Left Closed=False, Right Closed=False
2025-05-29 11:18:23,425 - game_logging - Energy: 100%, Night: 2, Hour: 1:00
2025-05-29 11:18:26,432 - game_logging - Door Status: Left Closed=False, Right Closed=False
2025-05-29 11:18:26,432 - game_logging - Energy: 100%, Night: 2, Hour: 1:00
2025-05-29 11:18:27,309 - root - chica moved to position 5.
2025-05-29 11:18:29,432 - game_logging - Door Status: Left Closed=False, Right Closed=False
2025-05-29 11:18:29,432 - game_logging - Energy: 100%, Night: 2, Hour: 1:00
2025-05-29 11:18:32,445 - game_logging - Door Status: Left Closed=False, Right Closed=False
2025-05-29 11:18:32,445 - game_logging - Energy: 100%, Night: 2, Hour: 1:00
2025-05-29 11:18:35,451 - game_logging - Door Status: Left Closed=False, Right Closed=False
2025-05-29 11:18:35,451 - game_logging - Energy: 100%, Night: 2, Hour: 1:00
2025-05-29 11:18:38,457 - game_logging - Door Status: Left Closed=False, Right Closed=False
2025-05-29 11:18:38,457 - game_logging - Energy: 100%, Night: 2, Hour: 1:00
2025-05-29 11:18:41,467 - game_logging - Door Status: Left Closed=False, Right Closed=False
2025-05-29 11:18:41,467 - game_logging - Energy: 100%, Night: 2, Hour: 1:00
2025-05-29 11:18:42,266 - root - freddy moved to position 5.
2025-05-29 11:18:42,266 - root - bonnie moved to position 5.
2025-05-29 11:18:42,313 - root - chica moved to position 5.
2025-05-29 11:18:44,473 - game_logging - Door Status: Left Closed=False, Right Closed=False
2025-05-29 11:18:44,473 - game_logging - Energy: 100%, Night: 2, Hour: 1:00
2025-05-29 11:18:47,481 - game_logging - Door Status: Left Closed=False, Right Closed=False
2025-05-29 11:18:47,481 - game_logging - Energy: 100%, Night: 2, Hour: 1:00
2025-05-29 11:18:50,492 - game_logging - Door Status: Left Closed=False, Right Closed=False
2025-05-29 11:18:50,492 - game_logging - Energy: 100%, Night: 2, Hour: 1:00
2025-05-29 11:18:52,718 - root - foxy moved to position 5.
2025-05-29 11:18:53,504 - game_logging - Door Status: Left Closed=False, Right Closed=False
2025-05-29 11:18:53,504 - game_logging - Energy: 100%, Night: 2, Hour: 1:00
2025-05-29 11:18:56,516 - game_logging - Door Status: Left Closed=False, Right Closed=False
2025-05-29 11:18:56,516 - game_logging - Energy: 100%, Night: 2, Hour: 1:00
2025-05-29 11:18:57,314 - root - chica moved to position 5.
2025-05-29 11:18:59,529 - game_logging - Door Status: Left Closed=False, Right Closed=False
2025-05-29 11:18:59,529 - game_logging - Energy: 100%, Night: 2, Hour: 1:00
2025-05-29 11:19:02,271 - root - bonnie moved to position 5.
2025-05-29 11:19:02,538 - game_logging - Door Status: Left Closed=False, Right Closed=False
2025-05-29 11:19:02,538 - game_logging - Energy: 100%, Night: 2, Hour: 1:00
2025-05-29 11:19:02,724 - root - foxy moved to position 5.
2025-05-29 11:19:05,545 - game_logging - Door Status: Left Closed=False, Right Closed=False
2025-05-29 11:19:05,545 - game_logging - Energy: 100%, Night: 2, Hour: 1:00
2025-05-29 11:19:08,549 - game_logging - Door Status: Left Closed=False, Right Closed=False
2025-05-29 11:19:08,549 - game_logging - Energy: 100%, Night: 2, Hour: 1:00
2025-05-29 11:19:11,563 - game_logging - Door Status: Left Closed=False, Right Closed=False
2025-05-29 11:19:11,563 - game_logging - Energy: 100%, Night: 2, Hour: 1:00
2025-05-29 11:19:12,318 - root - chica moved to position 5.
2025-05-29 11:19:12,729 - root - foxy moved to position 5.
2025-05-29 11:19:14,578 - game_logging - Door Status: Left Closed=False, Right Closed=False
2025-05-29 11:19:14,578 - game_logging - Energy: 100%, Night: 2, Hour: 1:00
2025-05-29 11:19:16,280 - root - freddy moved to position 5.
2025-05-29 11:19:17,578 - game_logging - Door Status: Left Closed=False, Right Closed=False
2025-05-29 11:19:17,578 - game_logging - Energy: 100%, Night: 2, Hour: 1:00
2025-05-29 11:19:20,585 - game_logging - Door Status: Left Closed=False, Right Closed=False
2025-05-29 11:19:20,585 - game_logging - Energy: 100%, Night: 2, Hour: 1:00
2025-05-29 11:19:22,276 - root - bonnie moved to position 5.
2025-05-29 11:19:22,734 - root - foxy moved to position 5.
2025-05-29 11:19:23,593 - game_logging - Door Status: Left Closed=False, Right Closed=False
2025-05-29 11:19:23,593 - game_logging - Energy: 100%, Night: 2, Hour: 1:00
2025-05-29 11:19:26,600 - game_logging - Door Status: Left Closed=False, Right Closed=False
2025-05-29 11:19:26,600 - game_logging - Energy: 100%, Night: 2, Hour: 1:00
2025-05-29 11:19:27,331 - root - chica moved to position 5.
2025-05-29 11:19:29,609 - game_logging - Door Status: Left Closed=False, Right Closed=False
2025-05-29 11:19:29,609 - game_logging - Energy: 100%, Night: 2, Hour: 1:00
2025-05-29 11:19:32,615 - game_logging - Door Status: Left Closed=False, Right Closed=False
2025-05-29 11:19:32,615 - game_logging - Energy: 100%, Night: 2, Hour: 1:00
2025-05-29 11:19:33,291 - root - freddy moved to position 5.
2025-05-29 11:19:35,623 - game_logging - Door Status: Left Closed=False, Right Closed=False
2025-05-29 11:19:35,623 - game_logging - Energy: 100%, Night: 2, Hour: 1:00
2025-05-29 11:19:38,631 - game_logging - Door Status: Left Closed=False, Right Closed=False
2025-05-29 11:19:38,631 - game_logging - Energy: 100%, Night: 2, Hour: 1:00
2025-05-29 11:19:41,639 - game_logging - Door Status: Left Closed=False, Right Closed=False
2025-05-29 11:19:41,639 - game_logging - Energy: 100%, Night: 2, Hour: 1:00
2025-05-29 11:19:42,284 - root - bonnie moved to position 5.
2025-05-29 11:19:42,332 - root - chica moved to position 5.
2025-05-29 11:19:42,743 - root - foxy moved to position 5.
2025-05-29 11:19:44,648 - game_logging - Door Status: Left Closed=False, Right Closed=False
2025-05-29 11:19:44,648 - game_logging - Energy: 100%, Night: 2, Hour: 1:00
2025-05-29 11:19:47,653 - game_logging - Door Status: Left Closed=False, Right Closed=False
2025-05-29 11:19:47,653 - game_logging - Energy: 100%, Night: 2, Hour: 1:00
2025-05-29 11:19:50,668 - game_logging - Door Status: Left Closed=False, Right Closed=False
2025-05-29 11:19:50,668 - game_logging - Energy: 100%, Night: 2, Hour: 1:00
2025-05-29 11:19:53,673 - game_logging - Door Status: Left Closed=False, Right Closed=False
2025-05-29 11:19:53,673 - game_logging - Energy: 100%, Night: 2, Hour: 1:00
2025-05-29 11:19:56,686 - game_logging - Door Status: Left Closed=False, Right Closed=False
2025-05-29 11:19:56,686 - game_logging - Energy: 100%, Night: 2, Hour: 1:00
2025-05-29 11:19:57,340 - root - chica moved to position 5.
2025-05-29 11:19:59,699 - game_logging - Door Status: Left Closed=False, Right Closed=False
2025-05-29 11:19:59,699 - game_logging - Energy: 100%, Night: 2, Hour: 1:00
2025-05-29 11:20:02,287 - root - bonnie moved to position 5.
2025-05-29 11:20:02,708 - game_logging - Door Status: Left Closed=False, Right Closed=False
2025-05-29 11:20:02,708 - game_logging - Energy: 100%, Night: 2, Hour: 1:00
2025-05-29 11:20:02,753 - root - foxy moved to position 5.
2025-05-29 11:20:05,722 - game_logging - Door Status: Left Closed=False, Right Closed=False
2025-05-29 11:20:05,722 - game_logging - Energy: 100%, Night: 2, Hour: 1:00
